Build started 1/14/2016 5:46:56 PM.
     1>Project "C:\Users\Konrad\Documents\GitHubVisualStudio\Mes\ProgramMes\ProgramMes\ProgramMes.vcxproj" on node 2 (Build target(s)).
     1>ClCompile:
         C:\Program Files (x86)\Microsoft Visual Studio 14.0\VC\bin\CL.exe /c /ZI /nologo /W3 /WX- /sdl /Od /Oy- /D _MBCS /Gm /EHsc /RTC1 /MDd /GS /fp:precise /Zc:wchar_t /Zc:forScope /Zc:inline /Fo"Debug\\" /Fd"Debug\vc140.pdb" /Gd /TP /analyze- /errorReport:prompt Element.cpp FEM_GRID.cpp GlobalData.cpp Node.cpp Source.cpp
         Source.cpp
         Node.cpp
         GlobalData.cpp
         FEM_GRID.cpp
         Element.cpp
         Generating Code...
       Link:
         C:\Program Files (x86)\Microsoft Visual Studio 14.0\VC\bin\link.exe /ERRORREPORT:PROMPT /OUT:"C:\Users\Konrad\Documents\GitHubVisualStudio\Mes\ProgramMes\Debug\ProgramMes.exe" /INCREMENTAL /NOLOGO kernel32.lib user32.lib gdi32.lib winspool.lib comdlg32.lib advapi32.lib shell32.lib ole32.lib oleaut32.lib uuid.lib odbc32.lib odbccp32.lib /MANIFEST /MANIFESTUAC:"level='asInvoker' uiAccess='false'" /manifest:embed /Debug /PDB:"C:\Users\Konrad\Documents\GitHubVisualStudio\Mes\ProgramMes\Debug\ProgramMes.pdb" /TLBID:1 /DYNAMICBASE /NXCOMPAT /IMPLIB:"C:\Users\Konrad\Documents\GitHubVisualStudio\Mes\ProgramMes\Debug\ProgramMes.lib" /MACHINE:X86 Debug\Element.obj
         Debug\FEM_GRID.obj
         Debug\GlobalData.obj
         Debug\Node.obj
         Debug\Source.obj
         LINK : C:\Users\Konrad\Documents\GitHubVisualStudio\Mes\ProgramMes\Debug\ProgramMes.exe not found or not built by the last incremental link; performing full link
         ProgramMes.vcxproj -> C:\Users\Konrad\Documents\GitHubVisualStudio\Mes\ProgramMes\Debug\ProgramMes.exe
     1>Done Building Project "C:\Users\Konrad\Documents\GitHubVisualStudio\Mes\ProgramMes\ProgramMes\ProgramMes.vcxproj" (Build target(s)).

Build succeeded.

Time Elapsed 00:00:04.19
